[    0.000000] Initializing cgroup subsys cpuset
[    0.000000] Initializing cgroup subsys cpu
[    0.000000] Initializing cgroup subsys cpuacct
[    0.000000] Linux version 4.4.0-210-generic (buildd@lgw01-amd64-009) (gcc version 5.4.0 20160609 (Ubuntu 5.4.0-6ubuntu1~16.04.12) ) #242-Ubuntu SMP Fri Apr 16 09:57:56 UTC 2021 (Ubuntu 4.4.0-210.242-generic 4.4.262)
[    0.000000] Command line: BOOT_IMAGE=/boot/vmlinuz-4.4.0-210-generic root=LABEL=cloudimg-rootfs ro console=tty1 console=ttyS0
[    0.000000] KERNEL supported cpus:
[    0.000000]   Intel GenuineIntel
[    0.000000]   AMD AuthenticAMD
[    0.000000]   Centaur CentaurHauls
[    0.000000] [Firmware Bug]: TSC doesn't count with P0 frequency!
[    0.000000] x86/fpu: xstate_offset[2]:  576, xstate_sizes[2]:  256
[    0.000000] x86/fpu: Supporting XSAVE feature 0x01: 'x87 floating point registers'
[    0.000000] x86/fpu: Supporting XSAVE feature 0x02: 'SSE registers'
[    0.000000] x86/fpu: Supporting XSAVE feature 0x04: 'AVX registers'
[    0.000000] x86/fpu: Enabled xstate features 0x7, context size is 832 bytes, using 'standard' format.
[    0.000000] e820: BIOS-provided physical RAM map:
[    0.000000] BIOS-e820: [mem 0x0000000000000000-0x000000000009fbff] usable
[    0.000000] BIOS-e820: [mem 0x000000000009fc00-0x000000000009ffff] reserved
[    0.000000] BIOS-e820: [mem 0x00000000000f0000-0x00000000000fffff] reserved
[    0.000000] BIOS-e820: [mem 0x0000000000100000-0x000000003ffeffff] usable
[    0.000000] BIOS-e820: [mem 0x000000003fff0000-0x000000003fffffff] ACPI data
[    0.000000] BIOS-e820: [mem 0x00000000fec00000-0x00000000fec00fff] reserved
[    0.000000] BIOS-e820: [mem 0x00000000fee00000-0x00000000fee00fff] reserved
[    0.000000] BIOS-e820: [mem 0x00000000fffc0000-0x00000000ffffffff] reserved
[    0.000000] NX (Execute Disable) protection: active
[    0.000000] SMBIOS 2.5 present.
[    0.000000] Hypervisor detected: KVM
[    0.000000] Kernel/User page tables isolation: disabled
[    0.000000] e820: last_pfn = 0x3fff0 max_arch_pfn = 0x400000000
[    0.000000] MTRR: Disabled
[    0.000000] x86/PAT: MTRRs disabled, skipping PAT initialization too.
[    0.000000] CPU MTRRs all blank - virtualized system.
[    0.000000] x86/PAT: Configuration [0-7]: WB  WT  UC- UC  WB  WT  UC- UC  
[    0.000000] found SMP MP-table at [mem 0x0009fff0-0x0009ffff] mapped at [ffff88000009fff0]
[    0.000000] Scanning 1 areas for low memory corruption
[    0.000000] RAMDISK: [mem 0x362dc000-0x37165fff]
[    0.000000] ACPI: Early table checksum verification disabled
[    0.000000] ACPI: RSDP 0x00000000000E0000 000024 (v02 VBOX  )
[    0.000000] ACPI: XSDT 0x000000003FFF0030 00003C (v01 VBOX   VBOXXSDT 00000001 ASL  00000061)
[    0.000000] ACPI: FACP 0x000000003FFF00F0 0000F4 (v04 VBOX   VBOXFACP 00000001 ASL  00000061)
[    0.000000] ACPI: DSDT 0x000000003FFF0610 002353 (v02 VBOX   VBOXBIOS 00000002 INTL 20100528)
[    0.000000] ACPI: FACS 0x000000003FFF0200 000040
[    0.000000] ACPI: FACS 0x000000003FFF0200 000040
[    0.000000] ACPI: APIC 0x000000003FFF0240 00005C (v02 VBOX   VBOXAPIC 00000001 ASL  00000061)
[    0.000000] ACPI: SSDT 0x000000003FFF02A0 00036C (v01 VBOX   VBOXCPUT 00000002 INTL 20100528)
[    0.000000] No NUMA configuration found
[    0.000000] Faking a node at [mem 0x0000000000000000-0x000000003ffeffff]
[    0.000000] NODE_DATA(0) allocated [mem 0x3ffeb000-0x3ffeffff]
[    0.000000] kvm-clock: Using msrs 4b564d01 and 4b564d00
[    0.000000] kvm-clock: cpu 0, msr 0:3ffe3001, primary cpu clock
[    0.000000] kvm-clock: using sched offset of 3075692489 cycles
[    0.000000] clocksource: kvm-clock: mask: 0xffffffffffffffff max_cycles: 0x1cd42e4dffb, max_idle_ns: 881590591483 ns
[    0.000000] Zone ranges:
[    0.000000]   DMA      [mem 0x0000000000001000-0x0000000000ffffff]
[    0.000000]   DMA32    [mem 0x0000000001000000-0x000000003ffeffff]
[    0.000000]   Normal   empty
[    0.000000]   Device   empty
[    0.000000] Movable zone start for each node
[    0.000000] Early memory node ranges
[    0.000000]   node   0: [mem 0x0000000000001000-0x000000000009efff]
[    0.000000]   node   0: [mem 0x0000000000100000-0x000000003ffeffff]
[    0.000000] Initmem setup node 0 [mem 0x0000000000001000-0x000000003ffeffff]
[    0.000000] ACPI: PM-Timer IO Port: 0x4008
[    0.000000] IOAPIC[0]: apic_id 2, version 32, address 0xfec00000, GSI 0-23
[    0.000000] ACPI: INT_SRC_OVR (bus 0 bus_irq 0 global_irq 2 dfl dfl)
[    0.000000] ACPI: INT_SRC_OVR (bus 0 bus_irq 9 global_irq 9 low level)
[    0.000000] Using ACPI (MADT) for SMP configuration information
[    0.000000] smpboot: Allowing 2 CPUs, 0 hotplug CPUs
[    0.000000] PM: Registered nosave memory: [mem 0x00000000-0x00000fff]
[    0.000000] PM: Registered nosave memory: [mem 0x0009f000-0x0009ffff]
[    0.000000] PM: Registered nosave memory: [mem 0x000a0000-0x000effff]
[    0.000000] PM: Registered nosave memory: [mem 0x000f0000-0x000fffff]
[    0.000000] e820: [mem 0x40000000-0xfebfffff] available for PCI devices
[    0.000000] Booting paravirtualized kernel on KVM
[    0.000000] clocksource: refined-jiffies: mask: 0xffffffff max_cycles: 0xffffffff, max_idle_ns: 7645519600211568 ns
[    0.000000] setup_percpu: NR_CPUS:512 nr_cpumask_bits:512 nr_cpu_ids:2 nr_node_ids:1
[    0.000000] PERCPU: Embedded 33 pages/cpu @ffff88003fc00000 s95192 r8192 d31784 u1048576
[    0.000000] Built 1 zonelists in Node order, mobility grouping on.  Total pages: 257912
[    0.000000] Policy zone: DMA32
[    0.000000] Kernel command line: BOOT_IMAGE=/boot/vmlinuz-4.4.0-210-generic root=LABEL=cloudimg-rootfs ro console=tty1 console=ttyS0
[    0.000000] PID hash table entries: 4096 (order: 3, 32768 bytes)
[    0.000000] Memory: 997792K/1048120K available (8644K kernel code, 1332K rwdata, 4044K rodata, 1492K init, 1164K bss, 50328K reserved, 0K cma-reserved)
[    0.000000] SLUB: HWalign=64, Order=0-3, MinObjects=0, CPUs=2, Nodes=1
[    0.000000] Hierarchical RCU implementation.
[    0.000000] 	Build-time adjustment of leaf fanout to 64.
[    0.000000] 	RCU restricting CPUs from NR_CPUS=512 to nr_cpu_ids=2.
[    0.000000] RCU: Adjusting geometry for rcu_fanout_leaf=64, nr_cpu_ids=2
[    0.000000] NR_IRQS:33024 nr_irqs:440 16
[    0.000000] Console: colour VGA+ 80x25
[    0.000000] console [tty1] enabled
[    0.000000] console [ttyS0] enabled
[    0.000000] tsc: Detected 1796.625 MHz processor
[    0.179026] Calibrating delay loop (skipped) preset value.. 3593.25 BogoMIPS (lpj=7186500)
[    0.181127] pid_max: default: 32768 minimum: 301
[    0.182267] ACPI: Core revision 20150930
[    0.184580] ACPI: 2 ACPI AML tables successfully acquired and loaded
[    0.186194] Security Framework initialized
[    0.187154] Yama: becoming mindful.
[    0.188103] AppArmor: AppArmor initialized
[    0.189231] Dentry cache hash table entries: 131072 (order: 8, 1048576 bytes)
[    0.191026] Inode-cache hash table entries: 65536 (order: 7, 524288 bytes)
[    0.192761] Mount-cache hash table entries: 2048 (order: 2, 16384 bytes)
[    0.194310] Mountpoint-cache hash table entries: 2048 (order: 2, 16384 bytes)
[    0.196078] Initializing cgroup subsys io
[    0.197112] Initializing cgroup subsys memory
[    0.198213] Initializing cgroup subsys devices
[    0.199329] Initializing cgroup subsys freezer
[    0.200443] Initializing cgroup subsys net_cls
[    0.201916] Initializing cgroup subsys perf_event
[    0.203517] Initializing cgroup subsys net_prio
[    0.204765] Initializing cgroup subsys hugetlb
[    0.205888] Initializing cgroup subsys pids
[    0.214810] mce: CPU supports 0 MCE banks
[    0.215868] Last level iTLB entries: 4KB 1024, 2MB 1024, 4MB 512
[    0.217258] Last level dTLB entries: 4KB 2048, 2MB 2048, 4MB 1024, 1GB 0
[    0.219031] Spectre V1 : Mitigation: usercopy/swapgs barriers and __user pointer sanitization
[    0.221125] Spectre V2 : Spectre mitigation: LFENCE not serializing, switching to generic retpoline
[    0.223295] Spectre V2 : Mitigation: Full generic retpoline
[    0.224654] Spectre V2 : Spectre v2 / SpectreRSB mitigation: Filling RSB on context switch
[    0.229645] Freeing SMP alternatives memory: 36K
[    0.237748] ftrace: allocating 32380 entries in 127 pages
[    0.316656] smpboot: APIC(0) Converting physical 0 to logical package 0
[    0.318338] smpboot: Max logical packages: 1
[    0.319663] x2apic enabled
[    0.320720] Switched APIC routing to physical x2apic.
[    0.323384] ..TIMER: vector=0x30 apic1=0 pin1=2 apic2=-1 pin2=-1
[    0.432795] APIC calibration not consistent with PM-Timer: 101ms instead of 100ms
[    0.434632] APIC delta adjusted to PM-Timer: 6313447 (6377348)
[    0.436183] smpboot: CPU0: AMD Ryzen 7 5700U with Radeon Graphics (family: 0x17, model: 0x68, stepping: 0x1)
[    0.438759] Performance Events: Broken PMU hardware detected, using software events only.
[    0.440869] Failed to access perfctr msr (MSR c0010007 is 0)
[    0.450010] KVM setup paravirtual spinlock
[    0.451837] x86: Booting SMP configuration:
[    0.452945] .... node  #0, CPUs:      #1
[    0.454102] kvm-clock: cpu 1, msr 0:3ffe3041, secondary cpu clock
[    0.462798] mce: CPU supports 0 MCE banks
[    0.465476] x86: Booted up 1 node, 2 CPUs
[    0.466778] smpboot: Total of 2 processors activated (7186.50 BogoMIPS)
[    0.468888] devtmpfs: initialized
[    0.472670] evm: security.selinux
[    0.473525] evm: security.SMACK64
[    0.474406] evm: security.SMACK64EXEC
[    0.475376] evm: security.SMACK64TRANSMUTE
[    0.476395] evm: security.SMACK64MMAP
[    0.477332] evm: security.ima
[    0.478155] evm: security.capability
[    0.479537] clocksource: jiffies: mask: 0xffffffff max_cycles: 0xffffffff, max_idle_ns: 7645041785100000 ns
[    0.482265] futex hash table entries: 512 (order: 3, 32768 bytes)
[    0.483879] pinctrl core: initialized pinctrl subsystem
[    0.486069] RTC time:  6:34:43, date: 05/17/24
[    0.487496] NET: Registered protocol family 16
[    0.493528] cpuidle: using governor ladder
[    0.501950] cpuidle: using governor menu
[    0.503257] PCCT header not found.
[    0.504587] ACPI: bus type PCI registered
[    0.505625] acpiphp: ACPI Hot Plug PCI Controller Driver version: 0.5
[    0.507164] PCI: Using configuration type 1 for base access
[    0.508471] PCI: Using configuration type 1 for extended access
[    0.519227] ACPI: Added _OSI(Module Device)
[    0.521421] ACPI: Added _OSI(Processor Device)
[    0.522587] ACPI: Added _OSI(3.0 _SCP Extensions)
[    0.523701] ACPI: Added _OSI(Processor Aggregator Device)
[    0.525566] ACPI: Executed 1 blocks of module-level executable AML code
[    0.529168] ACPI: Interpreter enabled
[    0.530165] ACPI: (supports S0 S5)
[    0.531086] ACPI: Using IOAPIC for interrupt routing
[    0.532404] PCI: Using host bridge windows from ACPI; if necessary, use "pci=nocrs" and report a bug
[    0.538131] ACPI: PCI Root Bridge [PCI0] (domain 0000 [bus 00-ff])
[    0.539503] acpi PNP0A03:00: _OSC: OS supports [ExtendedConfig ASPM ClockPM Segments MSI]
[    0.542048] acpi PNP0A03:00: _OSC: platform does not support [PCIeCapability]
[    0.543941] acpi PNP0A03:00: _OSC: not requesting control; platform does not support [PCIeCapability]
[    0.546104] acpi PNP0A03:00: _OSC: OS requested [PCIeHotplug PME AER PCIeCapability]
[    0.548006] acpi PNP0A03:00: _OSC: platform willing to grant [PCIeHotplug PME AER]
[    0.549898] acpi PNP0A03:00: _OSC failed (AE_SUPPORT); disabling ASPM
[    0.551796] PCI host bridge to bus 0000:00
[    0.563973] pci_bus 0000:00: root bus resource [io  0x0000-0x0cf7 window]
[    0.565466] pci_bus 0000:00: root bus resource [io  0x0d00-0xffff window]
[    0.567019] pci_bus 0000:00: root bus resource [mem 0x000a0000-0x000bffff window]
[    0.568915] pci_bus 0000:00: root bus resource [mem 0x40000000-0xfdffffff window]
[    0.570904] pci_bus 0000:00: root bus resource [bus 00-ff]
[    0.574404] pci 0000:00:01.1: legacy IDE quirk: reg 0x10: [io  0x01f0-0x01f7]
[    0.575965] pci 0000:00:01.1: legacy IDE quirk: reg 0x14: [io  0x03f6]
[    0.577454] pci 0000:00:01.1: legacy IDE quirk: reg 0x18: [io  0x0170-0x0177]
[    0.579089] pci 0000:00:01.1: legacy IDE quirk: reg 0x1c: [io  0x0376]
[    0.595589] pci 0000:00:07.0: quirk: [io  0x4000-0x403f] claimed by PIIX4 ACPI
[    0.597520] pci 0000:00:07.0: quirk: [io  0x4100-0x410f] claimed by PIIX4 SMB
[    0.604944] ACPI: PCI Interrupt Link [LNKA] (IRQs 5 9 10 *11)
[    0.607076] ACPI: PCI Interrupt Link [LNKB] (IRQs 5 9 *10 11)
[    0.608896] ACPI: PCI Interrupt Link [LNKC] (IRQs 5 *9 10 11)
[    0.610844] ACPI: PCI Interrupt Link [LNKD] (IRQs 5 9 10 *11)
[    0.612744] ACPI: Enabled 2 GPEs in block 00 to 07
[    0.614318] vgaarb: setting as boot device: PCI:0000:00:02.0
[    0.615628] vgaarb: device added: PCI:0000:00:02.0,decodes=io+mem,owns=io+mem,locks=none
[    0.617620] vgaarb: loaded
[    0.618438] vgaarb: bridge control possible 0000:00:02.0
[    0.619890] SCSI subsystem initialized
[    0.621024] ACPI: bus type USB registered
[    0.622107] usbcore: registered new interface driver usbfs
[    0.623346] usbcore: registered new interface driver hub
[    0.624596] usbcore: registered new device driver usb
[    0.625949] PCI: Using ACPI for IRQ routing
[    0.627365] NetLabel: Initializing
[    0.628507] NetLabel:  domain hash size = 128
[    0.629647] NetLabel:  protocols = UNLABELED CIPSOv4
[    0.630893] NetLabel:  unlabeled traffic allowed by default
[    0.632314] amd_nb: Cannot enumerate AMD northbridges
[    0.633585] clocksource: Switched to clocksource kvm-clock
[    0.640170] AppArmor: AppArmor Filesystem Enabled
[    0.641495] pnp: PnP ACPI init
[    0.643281] pnp: PnP ACPI: found 3 devices
[    0.653519] clocksource: acpi_pm: mask: 0xffffff max_cycles: 0xffffff, max_idle_ns: 2085701024 ns
[    0.656912] NET: Registered protocol family 2
[    0.658154] TCP established hash table entries: 8192 (order: 4, 65536 bytes)
[    0.659771] TCP bind hash table entries: 8192 (order: 5, 131072 bytes)
[    0.661294] TCP: Hash tables configured (established 8192 bind 8192)
[    0.662802] UDP hash table entries: 512 (order: 2, 16384 bytes)
[    0.664180] UDP-Lite hash table entries: 512 (order: 2, 16384 bytes)
[    0.665768] NET: Registered protocol family 1
[    0.666863] pci 0000:00:00.0: Limiting direct PCI/PCI transfers
[    0.668256] pci 0000:00:01.0: Activating ISA DMA hang workarounds
[    0.669944] Unpacking initramfs...
[    0.916716] Freeing initrd memory: 14888K
[    0.917933] clocksource: tsc: mask: 0xffffffffffffffff max_cycles: 0x19e5b5450ab, max_idle_ns: 440795235573 ns
[    0.920421] platform rtc_cmos: registered platform RTC device (no PNP device found)
[    0.922434] Scanning for low memory corruption every 60 seconds
[    0.924166] audit: initializing netlink subsys (disabled)
[    0.925529] audit: type=2000 audit(1715927688.396:1): initialized
[    0.927288] Initialise system trusted keyring
[    0.928695] HugeTLB registered 2 MB page size, pre-allocated 0 pages
[    0.931407] zbud: loaded
[    0.932664] VFS: Disk quotas dquot_6.6.0
[    0.933717] VFS: Dquot-cache hash table entries: 512 (order 0, 4096 bytes)
[    0.935780] squashfs: version 4.0 (2009/01/31) Phillip Lougher
[    0.937451] fuse init (API version 7.23)
[    0.938975] Key type big_key registered
[    0.940190] Allocating IMA MOK and blacklist keyrings.
[    0.943123] Key type asymmetric registered
[    0.944186] Asymmetric key parser 'x509' registered
[    0.945395] Block layer SCSI generic (bsg) driver version 0.4 loaded (major 249)
[    0.947434] io scheduler noop registered
[    0.948441] io scheduler deadline registered (default)
[    0.949690] io scheduler cfq registered
[    0.950823] pci_hotplug: PCI Hot Plug PCI Core version: 0.5
[    0.952171] pciehp: PCI Express Hot Plug Controller Driver version: 0.4
[    0.953788] ACPI: AC Adapter [AC] (off-line)
[    0.954902] input: Power Button as /devices/LNXSYSTM:00/LNXPWRBN:00/input/input0
[    0.956694] ACPI: Power Button [PWRF]
[    0.957721] input: Sleep Button as /devices/LNXSYSTM:00/LNXSLPBN:00/input/input1
[    0.959540] ACPI: Sleep Button [SLPF]
[    0.960651] GHES: HEST is not enabled!
[    0.961526] ACPI: Battery Slot [BAT0] (battery present)
[    0.963083] Serial: 8250/16550 driver, 32 ports, IRQ sharing enabled
[    0.985115] 00:02: ttyS0 at I/O 0x3f8 (irq = 4, base_baud = 115200) is a 16550A
[    0.989592] Linux agpgart interface v0.103
[    0.992426] loop: module loaded
[    0.993896] scsi host0: ata_piix
[    0.994877] scsi host1: ata_piix
[    0.995838] ata1: PATA max UDMA/33 cmd 0x1f0 ctl 0x3f6 bmdma 0xd000 irq 14
[    0.997402] ata2: PATA max UDMA/33 cmd 0x170 ctl 0x376 bmdma 0xd008 irq 15
[    0.999078] libphy: Fixed MDIO Bus: probed
[    1.000358] tun: Universal TUN/TAP device driver, 1.6
[    1.001626] tun: (C) 1999-2004 Max Krasnyansky <maxk@qualcomm.com>
[    1.003271] PPP generic driver version 2.4.2
[    1.004491] ehci_hcd: USB 2.0 'Enhanced' Host Controller (EHCI) Driver
[    1.006010] ehci-pci: EHCI PCI platform driver
[    1.007115] ehci-platform: EHCI generic platform driver
[    1.008390] ohci_hcd: USB 1.1 'Open' Host Controller (OHCI) Driver
[    1.009764] ohci-pci: OHCI PCI platform driver
[    1.010959] ohci-platform: OHCI generic platform driver
[    1.012226] uhci_hcd: USB Universal Host Controller Interface driver
[    1.013783] i8042: PNP: PS/2 Controller [PNP0303:PS2K,PNP0f03:PS2M] at 0x60,0x64 irq 1,12
[    1.016346] serio: i8042 KBD port at 0x60,0x64 irq 1
[    1.017562] serio: i8042 AUX port at 0x60,0x64 irq 12
[    1.019091] mousedev: PS/2 mouse device common for all mice
[    1.020774] input: AT Translated Set 2 keyboard as /devices/platform/i8042/serio0/input/input2
[    1.023332] rtc_cmos rtc_cmos: rtc core: registered rtc_cmos as rtc0
[    1.024860] rtc_cmos rtc_cmos: alarms up to one day, 114 bytes nvram
[    1.026364] i2c /dev entries driver
[    1.027356] device-mapper: uevent: version 1.0.3
[    1.028616] device-mapper: ioctl: 4.34.0-ioctl (2015-10-28) initialised: dm-devel@redhat.com
[    1.030743] ledtrig-cpu: registered to indicate activity on CPUs
[    1.032534] NET: Registered protocol family 10
[    1.033852] NET: Registered protocol family 17
[    1.035035] Key type dns_resolver registered
[    1.036565] registered taskstats version 1
[    1.037613] Loading compiled-in X.509 certificates
[    1.039444] Loaded X.509 cert 'Build time autogenerated kernel key: cf00e047681d67edb2720680708b7d9498083038'
[    1.041850] zswap: loaded using pool lzo/zbud
[    1.044891] Key type trusted registered
[    1.048986] Key type encrypted registered
[    1.050094] AppArmor: AppArmor sha1 policy hashing enabled
[    1.051386] ima: No TPM chip found, activating TPM-bypass!
[    1.052635] ima: Allocated hash algorithm: sha1
[    1.053728] evm: HMAC attrs: 0x1
[    1.054929]   Magic number: 8:933:569
[    1.055972] rtc_cmos rtc_cmos: setting system clock to 2024-05-17 06:34:44 UTC (1715927684)
[    1.058163] BIOS EDD facility v0.16 2004-Jun-25, 0 devices found
[    1.059544] EDD information not available.
[    1.178841] Freeing unused kernel memory: 1492K
[    1.180030] Write protecting the kernel read-only data: 14336k
[    1.181882] Freeing unused kernel memory: 1584K
[    1.183200] Freeing unused kernel memory: 52K
Loading, please wait...
starting version 229
[    1.197848] random: systemd-udevd: uninitialized urandom read (16 bytes read, 3 bits of entropy available)
[    1.198420] random: udevadm: uninitialized urandom read (16 bytes read, 3 bits of entropy available)
[    1.198443] random: udevadm: uninitialized urandom read (16 bytes read, 3 bits of entropy available)
[    1.207213] random: udevadm: uninitialized urandom read (16 bytes read, 3 bits of entropy available)
[    1.207265] random: udevadm: uninitialized urandom read (16 bytes read, 3 bits of entropy available)
[    1.207407] random: udevadm: uninitialized urandom read (16 bytes read, 3 bits of entropy available)
[    1.207457] random: udevadm: uninitialized urandom read (16 bytes read, 3 bits of entropy available)
[    1.207508] random: udevadm: uninitialized urandom read (16 bytes read, 3 bits of entropy available)
[    1.207558] random: udevadm: uninitialized urandom read (16 bytes read, 3 bits of entropy available)
[    1.207605] random: udevadm: uninitialized urandom read (16 bytes read, 3 bits of entropy available)
[    1.263085] e1000: Intel(R) PRO/1000 Network Driver - version 7.3.21-k8-NAPI
[    1.265381] e1000: Copyright (c) 1999-2006 Intel Corporation.
[    1.267469] Fusion MPT base driver 3.04.20
[    1.268962] Copyright (c) 1999-2008 LSI Corporation
[    1.276230] Fusion MPT SPI Host driver 3.04.20
[    1.302302] AVX2 version of gcm_enc/dec engaged.
[    1.303854] AES CTR mode by8 optimization enabled
[    1.485670] input: ImExPS/2 Generic Explorer Mouse as /devices/platform/i8042/serio1/input/input4
[    1.663304] e1000 0000:00:03.0 eth0: (PCI:33MHz:32-bit) 02:be:82:6b:cc:1d
[    1.665026] e1000 0000:00:03.0 eth0: Intel(R) PRO/1000 Network Connection
[    1.667631] mptbase: ioc0: Initiating bringup
[    1.668155] e1000 0000:00:03.0 enp0s3: renamed from eth0
[    1.742422] ioc0: LSI53C1030 A0: Capabilities={Initiator}
[    1.903895] scsi host2: ioc0: LSI53C1030 A0, FwRev=00000000h, Ports=1, MaxQ=256, IRQ=20
[    2.022413] scsi 2:0:0:0: Direct-Access     VBOX     HARDDISK         1.0  PQ: 0 ANSI: 5
[    2.035964] scsi target2:0:0: Beginning Domain Validation
[    2.038219] scsi target2:0:0: Domain Validation skipping write tests
[    2.039701] scsi target2:0:0: Ending Domain Validation
[    2.041011] scsi target2:0:0: asynchronous
[    2.042532] scsi 2:0:1:0: Direct-Access     VBOX     HARDDISK         1.0  PQ: 0 ANSI: 5
[    2.044684] scsi target2:0:1: Beginning Domain Validation
[    2.047683] scsi target2:0:1: Domain Validation skipping write tests
[    2.049167] scsi target2:0:1: Ending Domain Validation
[    2.050529] scsi target2:0:1: asynchronous
[    2.057402] sd 2:0:0:0: Attached scsi generic sg0 type 0
[    2.058862] sd 2:0:0:0: [sda] 83886080 512-byte logical blocks: (42.9 GB/40.0 GiB)
[    2.061138] sd 2:0:0:0: [sda] Write Protect is off
[    2.062588] sd 2:0:0:0: [sda] Incomplete mode parameter data
[    2.063935] sd 2:0:0:0: [sda] Assuming drive cache: write through
[    2.065378] sd 2:0:1:0: [sdb] 20480 512-byte logical blocks: (10.5 MB/10.0 MiB)
[    2.065494] sd 2:0:1:0: Attached scsi generic sg1 type 0
[    2.069724] sd 2:0:1:0: [sdb] Write Protect is off
[    2.071068] sd 2:0:1:0: [sdb] Incomplete mode parameter data
[    2.072420] sd 2:0:1:0: [sdb] Assuming drive cache: write through
[    2.072996]  sda: sda1
[    2.074084] sd 2:0:0:0: [sda] Attached SCSI disk
[    2.078577] sd 2:0:1:0: [sdb] Attached SCSI disk
Begin: Loading essential drivers ... [    3.663323] md: linear personality registered for level -1
[    3.667400] md: multipath personality registered for level -4
[    3.671512] md: raid0 personality registered for level 0
[    3.675796] md: raid1 personality registered for level 1
[    3.745895] raid6: sse2x1   gen()  5182 MB/s
[    3.813784] raid6: sse2x1   xor()  5165 MB/s
[    3.882181] raid6: sse2x2   gen() 10858 MB/s
[    3.950038] raid6: sse2x2   xor()  7023 MB/s
[    4.017976] raid6: sse2x4   gen() 11288 MB/s
[    4.085889] raid6: sse2x4   xor()  6642 MB/s
[    4.154523] raid6: avx2x1   gen() 12733 MB/s
[    4.222042] raid6: avx2x2   gen() 21639 MB/s
[    4.289985] raid6: avx2x4   gen() 21287 MB/s
[    4.291198] raid6: using algorithm avx2x2 gen() 21639 MB/s
[    4.292491] raid6: using avx2x2 recovery algorithm
[    4.294801] xor: automatically using best checksumming function:
[    4.333890]    avx       : 10265.000 MB/sec
[    4.336112] async_tx: api initialized (async)
[    4.346147] md: raid6 personality registered for level 6
[    4.347561] md: raid5 personality registered for level 5
[    4.348814] md: raid4 personality registered for level 4
[    4.356110] md: raid10 personality registered for level 10
done.
Begin: Running /scripts/init-premount ... done.
Begin: Mounting root file system ... Begin: Running /scripts/local-top ... done.
Begin: Running /scripts/local-premount ... [    4.391808] Btrfs loaded
Scanning for Btrfs filesystems
done.
Warning: fsck not present, so skipping root file system
[    4.428002] EXT4-fs (sda1): mounted filesystem with ordered data mode. Opts: (null)
done.
Begin: Running /scripts/local-bottom ... done.
Begin: Running /scripts/init-bottom ... done.
[    4.516999] systemd[1]: systemd 229 running in system mode. (+PAM +AUDIT +SELINUX +IMA +APPARMOR +SMACK +SYSVINIT +UTMP +LIBCRYPTSETUP +GCRYPT +GNUTLS +ACL +XZ -LZ4 +SECCOMP +BLKID +ELFUTILS +KMOD -IDN)
[    4.521131] systemd[1]: Detected virtualization oracle.
[    4.522538] systemd[1]: Detected architecture x86-64.

Welcome to [1mUbuntu 16.04.7 LTS[0m!

[    4.526456] systemd[1]: Set hostname to <ubuntu>.
[    4.529374] systemd[1]: Initializing machine ID from random generator.
[    4.530985] systemd[1]: Installed transient /etc/machine-id file.
[    4.668868] systemd[1]: Reached target Swap.
[[0;32m  OK  [0m] Reached target Swap.
[    4.671104] systemd[1]: Reached target Encrypted Volumes.
[[0;32m  OK  [0m] Reached target Encrypted Volumes.
[    4.686455] systemd[1]: Listening on Device-mapper event daemon FIFOs.
[[0;32m  OK  [0m] Listening on Device-mapper event daemon FIFOs.
[    4.689519] systemd[1]: Listening on LVM2 metadata daemon socket.
[[0;32m  OK  [0m] Listening on LVM2 metadata daemon socket.
[    4.691996] systemd[1]: Started Forward Password Requests to Wall Directory Watch.
[[0;32m  OK  [0m] Started Forward Password Requests to Wall Directory Watch.
[    4.694828] systemd[1]: Reached target User and Group Name Lookups.
[[0;32m  OK  [0m] Reached target User and Group Name Lookups.
[    4.697015] systemd[1]: Started Trigger resolvconf update for networkd DNS.
[[0;32m  OK  [0m] Started Trigger resolvconf update for networkd DNS.
[    4.699736] systemd[1]: Listening on /dev/initctl Compatibility Named Pipe.
[[0;32m  OK  [0m] Listening on /dev/initctl Compatibility Named Pipe.
[    4.702615] systemd[1]: Created slice User and Session Slice.
[[0;32m  OK  [0m] Created slice User and Session Slice.
[    4.704839] systemd[1]: Listening on Journal Socket.
[[0;32m  OK  [0m] Listening on Journal Socket.
[    4.714442] systemd[1]: Listening on Journal Socket (/dev/log).
[[0;32m  OK  [0m] Listening on Journal Socket (/dev/log).
[    4.716953] systemd[1]: Listening on LVM2 poll daemon socket.
[[0;32m  OK  [0m] Listening on LVM2 poll daemon socket.
[    4.719580] systemd[1]: Listening on udev Control Socket.
[[0;32m  OK  [0m] Listening on udev Control Socket.
[    4.721926] systemd[1]: Created slice System Slice.
[[0;32m  OK  [0m] Created slice System Slice.
[    4.737840] systemd[1]: Starting Load Kernel Modules...
         Starting Load Kernel Modules...
[    4.742823] systemd[1]: Mounting Huge Pages File System...
         Mounting Huge Pages File System...
[    4.746038] systemd[1]: Mounting POSIX Message Queue File System...
         Mounting POSIX Message Queue File System...
[    4.750317] systemd[1]: Starting Nameserver information manager...
[    4.752220] Loading iSCSI transport class v2.0-870.
         Starting Nameserver information manager...
[    4.755086] systemd[1]: Set up automount Arbitrary Executable File Formats File System Automount Point.
[[0;32m  OK  [0m] Set up automount Arbitrary Executab...ats File System Automount Point.
[    4.760157] systemd[1]: Reached target System Time Synchronized.
[    4.761826] iscsi: registered transport (tcp)
[[0;32m  OK  [0m] Reached target System Time Synchronized.
[    4.763527] systemd[1]: Listening on fsck to fsckd communication Socket.
[[0;32m  OK  [0m] Listening on fsck to fsckd communication Socket.
[    4.766155] systemd[1]: Listening on Syslog Socket.
[[0;32m  OK  [0m] Listening on Syslog Socket.
[    4.768714] systemd[1]: Starting Create list of required static device nodes for the current kernel...
         Starting Create list of required st... nodes for the current kernel...
[    4.772455] systemd[1]: Reached target Slices.
[[0;32m  OK  [0m] Reached target Slices.
[    4.775810] systemd[1]: Starting File System Check on Root Device...
         Starting File System Check on Root Device...
[    4.779220] systemd[1]: Mounting Debug File System...
         Mounting Debug File System...
[    4.782074] systemd[1]: Created slice system-serial\x2dgetty.slice.
[[0;32m  OK  [0m] Created slice system-serial\x2dgetty.slice.
[    4.786518] systemd[1]: Starting Monitoring of LVM2 mirrors, snapshots etc. using dmeventd or progress polling...
         Startin[    4.789541] systemd[1]: Listening on udev Kernel Socket.
g Monitoring of LVM2 mirrors... dmeventd or progress polling...
[[0;32m  OK  [[    4.791782] systemd[1]: Listening on Journal Audit Socket.
0m] Listening on udev Kernel Socket.
[[0;32m  OK  [0m] Listening on Journal Audit Socket.
[    4.794128] systemd[1]: Starting Uncomplicated firewall...
         Starting Uncomplicated firewall...
[    4.798522] systemd[1]: Starting Set console keymap...
         Starting Set console keymap...
[    4.801576] systemd[1]: Starting Journal Service...
         Starting Journal Service...
[    4.806044] systemd[1]: Mounted Huge Pages File System.
[[0;32m  OK  [0m] Mounted Huge Pages File System.
[    4.808667] systemd[1]: Mounted POSIX Message Queue File System.
[[0;32m  OK  [0m] Mounted POSIX Message Queue File System.
[    4.811264] systemd[1]: Mounted Debug File System.
[[0;32m  OK  [0m] Mounted Debug File System.
[    4.814085] systemd[1]: Started Create list of required static device nodes for the current kernel.
[[0;32m  OK  [0m] Started Create list of required sta...ce nodes for the current kernel.
[    4.820729] systemd[1]: Started Uncomplicated firewall.
[[0;32m  OK  [0m] Started Uncomplicated firewall.
[    4.823843] systemd[1]: Started Nameserver information manager.
[[0;32m  OK  [0m] Started Nameserver information manager.
[    4.826618] systemd[1]: Started File System Check on Root Device.
[[0;32m  OK  [0m] Started File System Check on Root Device.
[    4.832011] systemd[1]: Started File System Check Daemon to report status.
[[0;32m  OK  [0m] Started File System Check Daemon to report status.
[    4.842455] systemd[1]: Starting Remount Root and Kernel File Systems...
         Starting Remount Root and Kernel File Systems...
[    4.846572] systemd[1]: Starting Create Static Device Nodes in /dev...
         Starting Create Static Device Nodes in /dev...
[    4.849069] EXT4-fs (sda1): re-mounted. Opts: (null)
[    4.851732] systemd[1]: Started Journal Service.
[[0;32m  OK  [0m] Started Journal Service.
[[0;32m  OK  [0m] Started Remount Root and Kernel File Systems.
[    4.859309] iscsi: registered transport (iser)
[[0;32m  OK  [0m] Started LVM2 metadata daemon.
         Starting udev Coldplug all Devices...
         Starting Load/Save Random Seed...
         Starting Flush Journal to Persistent Storage...
[[0;32m  OK  [0m] Started Load Kernel Modules.
[[0;32m  OK  [0m] Started Create Static Device Nodes in /dev.
[[0;32m  OK  [0m] Started Load/Save Random Seed.
         Starting udev Kernel Device Manager...
         Mounting FUSE Control File System...
         Starting Apply Kernel Variables...
[[0;32m  OK  [0m] Started Set console keymap.
[[0;32m  OK  [0m] Mounted FUSE Control File System.
[    4.940996] systemd-journald[406]: Received request to flush runtime journal from PID 1
[[0;32m  OK  [0m] Started Flush Journal to Persistent Storage.
[[0;32m  OK  [0m] Started Apply Kernel Variables.
[[0;32m  OK  [0m] Started udev Coldplug all Devices.
[[0;32m  OK  [0m] Started udev Kernel Device Manager.
[[0;32m  OK  [0m] Started Dispatch Password Requests to Console Directory Watch.
[[0;32m  OK  [0m] Found device /dev/ttyS0.
[[0;32m  OK  [0m] Listening on Load/Save RF Kill Switch Status /dev/rfkill Watch.
[[0;32m  OK  [0m] Started Monitoring of LVM2 mirrors,...ng dmeventd or progress polling.
[[0;32m  OK  [0m] Reached target Local File Systems (Pre).
[[0;32m  OK  [0m] Reached target Local File Systems.
         Starting Tell Plymouth To Write Out Runtime Data...
         Starting Commit a transient machine-id on disk...
         Starting LSB: AppArmor initialization...
         Starting Initial cloud-init job (pre-networking)...
         Starting Create Volatile Files and Directories...
         Starting Set console font and keymap...
[[0;32m  OK  [0m] Started Create Volatile Files and Directories.
         Starting Update UTMP about System Boot/Shutdown...
[[0;32m  OK  [0m] Started Update UTMP about System Boot/Shutdown.
[[0;32m  OK  [0m] Started Tell Plymouth To Write Out Runtime Data.
[[0;32m  OK  [0m] Started Commit a transient machine-id on disk.
[    6.416770] cloud-init[537]: Cloud-init v. 21.1-19-gbad84ad4-0ubuntu1~16.04.2 running 'init-local' at Fri, 17 May 2024 06:34:49 +0000. Up 5.82 seconds.
[[0;32m  OK  [0m] Started Initial cloud-init job (pre-networking).
[[0;32m  OK  [0m] Reached target Network (Pre).
[[0;32m  OK  [0m] Started Set console font and keymap.
[[0;32m  OK  [0m] Created slice system-getty.slice.
[[0;32m  OK  [0m] Started LSB: AppArmor initialization.
         Starting Raise network interfaces...
         Starting Load AppArmor profiles managed internally by snapd...
[[0;32m  OK  [0m] Started Load AppArmor profiles managed internally by snapd.
[[0;32m  OK  [0m] Started Raise network interfaces.
[[0;32m  OK  [0m] Reached target Network.
         Starting Initial cloud-init job (metadata service crawler)...
[    8.302087] cloud-init[953]: Cloud-init v. 21.1-19-gbad84ad4-0ubuntu1~16.04.2 running 'init' at Fri, 17 May 2024 06:34:51 +0000. Up 7.74 seconds.
[    8.303957] cloud-init[953]: ci-info: ++++++++++++++++++++++++++++++++++++++Net device info++++++++++++++++++++++++++++++++++++++
[    8.305646] cloud-init[953]: ci-info: +--------+------+----------------------------+---------------+--------+-------------------+
[    8.307357] cloud-init[953]: ci-info: | Device |  Up  |          Address           |      Mask     | Scope  |     Hw-Address    |
[    8.309225] cloud-init[953]: ci-info: +--------+------+----------------------------+---------------+--------+-------------------+
[    8.311067] cloud-init[953]: ci-info: | enp0s3 | True |         10.0.2.15          | 255.255.255.0 | global | 02:be:82:6b:cc:1d |
[    8.312881] cloud-init[953]: ci-info: | enp0s3 | True | fe80::be:82ff:fe6b:cc1d/64 |       .       |  link  | 02:be:82:6b:cc:1d |
[    8.314562] cloud-init[953]: ci-info: |   lo   | True |         127.0.0.1          |   255.0.0.0   |  host  |         .         |
[    8.316423] cloud-init[953]: ci-info: |   lo   | True |          ::1/128           |       .       |  host  |         .         |
[    8.318100] cloud-init[953]: ci-info: +--------+------+----------------------------+---------------+--------+-------------------+
[    8.319850] cloud-init[953]: ci-info: +++++++++++++++++++++++++++Route IPv4 info++++++++++++++++++++++++++++
[    8.328982] cloud-init[953]: ci-info: +-------+-------------+----------+---------------+-----------+-------+
[    8.330606] cloud-init[953]: ci-info: | Route | Destination | Gateway  |    Genmask    | Interface | Flags |
[    8.331885] cloud-init[953]: ci-info: +-------+-------------+----------+---------------+-----------+-------+
[    8.333236] cloud-init[953]: ci-info: |   0   |   0.0.0.0   | 10.0.2.2 |    0.0.0.0    |   enp0s3  |   UG  |
[    8.341008] cloud-init[953]: ci-info: |   1   |   10.0.2.0  | 0.0.0.0  | 255.255.255.0 |   enp0s3  |   U   |
[    8.342638] cloud-init[953]: ci-info: +-------+-------------+----------+---------------+-----------+-------+
[    8.348820] cloud-init[953]: ci-info: +++++++++++++++++++Route IPv6 info+++++++++++++++++++
[    8.350492] cloud-init[953]: ci-info: +-------+-------------+---------+-----------+-------+
[    8.351905] cloud-init[953]: ci-info: | Route | Destination | Gateway | Interface | Flags |
[    8.353275] cloud-init[953]: ci-info: +-------+-------------+---------+-----------+-------+
[    8.360830] cloud-init[953]: ci-info: |   0   |  fe80::/64  |    ::   |   enp0s3  |   U   |
[    8.368814] cloud-init[953]: ci-info: |   3   |   ff00::/8  |    ::   |   enp0s3  |   U   |
[    8.376757] cloud-init[953]: ci-info: +-------+-------------+---------+-----------+-------+
[    8.378904] cloud-init[953]: Generating public/private rsa key pair.
[    8.380362] cloud-init[953]: Your identification has been saved in /etc/ssh/ssh_host_rsa_key.
[    8.381899] cloud-init[953]: Your public key has been saved in /etc/ssh/ssh_host_rsa_key.pub.
[    8.383441] cloud-init[953]: The key fingerprint is:
[    8.384700] cloud-init[953]: SHA256:MPmcF1mbhMKk0g8GQ7gj84zHlhNMPduN23tn7P6U0Ig root@ubuntu-xenial
[    8.386165] cloud-init[953]: The key's randomart image is:
[    8.392441] cloud-init[953]: +---[RSA 2048]----+
[    8.400728] cloud-init[953]: |   ++  o.  .o    |
[    8.408514] [[0;32m  OK  [0m] Started Initial cloud-init job (metadata service crawler).
[[0;32m  OK  [0m] Reached target Network is Online.
cloud-init[953]: |  o o+ oo .+ o   |
[    8.416509] cloud-init[953]: | o ..+Oo .o o    |
[    8.418048] cloud-init[953]: |o = .ooB.. o o   |
[    8.419012] cloud-init[953]: | B +   oS E o .  |
[    8.420125]          Starting iSCSI initiator daemon (iscsid)...
[[0;32m  OK  [0m] Reached target Cloud-config availability.
[[0;32m  OK  [0m] Reached target System Initialization.
[[0;32m  OK  [0m] Started Ubuntu Advantage update messaging.
cloud-init[953]: |. O   . ..   . . |
[    8.423568] cloud-init[953]: | o .     . .  o  |
[    8.424431] cloud-init[953]: |        . . +.   |
[    8.425288] cloud-init[953]: |         . =o..  |
[    8.426241] cloud-init[953]: +----[SHA256]-----+
[    8.432270] [[0;32m  OK  [0m] Started ACPI Events Check.
[[0;32m  OK  [0m] Reached target Paths.
[[0;32m  OK  [0m] Started Message of the Day.
[[0;32m  OK  [0m] Listening on D-Bus System Message Bus Socket.
cloud-init[953]:          Starting LXD - unix socket.
[[0;32m  OK  [0m] Listening on UUID daemon activation socket.
         Starting Socket activation for snappy daemon.
[[0;32m  OK  [0m] Listening on ACPID Listen Socket.
[[0;32m  OK  [0m] Started Daily Cleanup of Temporary Directories.
[[0;32m  OK  [0m] Started Daily apt download activities.
[[0;32m  OK  [0m] Started Daily apt upgrade and clean activities.
[[0;32m  OK  [0m] Reached target Timers.
[[0;32m  OK  [0m] Listening on Socket activation for snappy daemon.
[[0;32m  OK  [0m] Listening on LXD - unix socket.
[[0;32m  OK  [0m] Reached target Sockets.
[[0;32m  OK  [0m] Reached target Basic System.
[[0;32m  OK  [0m] Started Deferred execution scheduler.
         Starting Virtualbox guest utils...
Generating public/private dsa key pair.         Starting Pollinate to seed the pseudo random number generator...
         Starting /etc/rc.local Compatibility...
         Starting LSB: Record successful boot for GRUB...
         Starting Accounts Service...

[[0;32m  OK  [0m] Started ACPI event daemon.
[    8.468622] cloud-init[953]: Your identification has been saved in /etc/ssh/ssh_host_dsa_key.
[    8.470544] cloud-init         Starting LSB: MD monitoring daemon...
[953]: Your public key has been saved in /etc/ssh/ssh_host_dsa_key.pub.[[0;32m  OK  [0m] Started Regular background program processing daemon.
[[0;32m  OK  [0m] Started D-Bus System Message Bus.

[    8.475694] cloud-init[953]: The key fingerprint is:
[    8.482184] cloud-init[953]: SHA256:eTd3KLqUDJSqe8hP6HFrWtGw05p2CXu/HNcPZejhZ7c root@ubuntu-xenial
[    8.492795] cloud-init[953]: The key's randomart image is:
[    8.496447] cloud-init[953]: +---[DSA 1024]----+
[    8.497899] cloud-init[953]: |                 |
[    8.499074] cloud-init[953]: |         .       |
[    8.500602] cloud-init[953]: |      . o        |
[    8.508784] cloud-init[953]: |       B .     o |
[    8.516592] cloud-init[953]: |      * S . + = +|
[    8.516806] cloud-init[953]: |     o B = + B = |
[[0;32m  OK  [0m] Started FUSE filesystem for LXC.
[    8.516865] cloud-init[953]: |   .+.O + * . = +|
[    8.516897] cloud-init[953]: |   .oBo+ + +   =o|
[    8.517131] cloud-init[953]: |    +=o   =.   E.|
[    8.517650] cloud-init[953]: +----[SHA256]-----+
[    8.517927] cloud-init[953]: Generating public/private ecdsa key pair.
[    8.518165] cloud-init[953]: Your identification has been saved in /etc/ssh/ssh_host_ecdsa_key.
[    8.518755] cloud-init[953]: Your public key has been saved in /etc/ssh/ssh_host_ecdsa_key.pub.
[    8.519248] cloud-init[953]: The key fingerprint is:
[    8.519534] cloud-init[953]: SHA256:br5chjTwjEDKvjFPCFKkntIUAWuHRvUWtrC5Sbuc3E4 root@ubuntu-xenial
[    8.519791] cloud-init[953]: The key's randomart image is:
[    8.520095] cloud-init[953]: +---[ECDSA 256]---+
[    8.520311] cloud-init[953]: |.+*+.o           |
[    8.520897] cloud-init[953]: |.=.+* o          |
[    8.521131] cloud-init[953]: |=++=.+.          |
[    8.521421] cloud-init[953]: |==+.=. =         |
[    8.521680] cloud-init[953]: |.o*+. . S        |
[    8.521929] cloud-init[953]: |. o*+  o o       |
[    8.522185] cloud-init[953]: |  .=.E  + o      |
[    8.522470] cloud-init[953]: |    o  + o       |
[    8.522709] cloud-init[953]: |     .  +.       |
[    8.523233] cloud-init[953]: +----[SHA256]-----+
[    8.523502] cloud-init[953]: Generating public/private ed25519 key pair.
[    8.523756] cloud-init[953]: Your identification has been saved in /etc/ssh/ssh_host_ed25519_key.
[    8.524254] cloud-init[953]: Your public key has been saved in /etc/ssh/ssh_host_ed25519_key.pub.
[    8.524726] cloud-init[953]: The key fingerprint is:
[    8.524984] cloud-init[953]: SHA256:3RnRyadWxhv4QymlAE33IUWliESJ4hNes8D27JG5rLM root@ubuntu-xenial
[    8.525245] cloud-init[953]: The key's randomart image is:
[    8.525749] cloud-init[953]: +--[ED25519 256]--+
[    8.526047] cloud-init[953]: |     .   +*+.==B+|
[    8.526289] cloud-init[953]: |      * +..oo=B=*|
[    8.526850] cloud-init[953]: |     + B =. o.=*o|
[    8.527121] cloud-init[953]: |      + B. . oo+ |
[    8.527374] cloud-init[953]: |       +So. o.  .|
[    8.527902] cloud-init[953]: |        +        |
[    8.528443] cloud-init[953]: |       .         |
[    8.528716] cloud-init[953]: |      o          |
[    8.528990] cloud-init[953]: |      Eo         |
[    8.529528] cloud-init[953]: +----[SHA256]-----+
         Starting Login Service...
         Starting Snap Daemon...
         Starting System Logging Service...
         Starting LXD - container startup/shutdown...
[[0;32m  OK  [0m] Started iSCSI initiator daemon (iscsid).
[[0;32m  OK  [0m] Started /etc/rc.local Compatibility.
[[0;32m  OK  [0m] Started System Logging Service.
         Starting Authenticate and Authorize Users to Run Privileged Tasks...
         Starting Login to default iSCSI targets...
[[0;32m  OK  [0m] Started Login Service.
[[0;32m  OK  [0m] Started Unattended Upgrades Shutdown.
[[0;32m  OK  [0m] Started LSB: Record successful boot for GRUB.
[[0;32m  OK  [0m] Started LSB: MD monitoring daemon.
[[0;32m  OK  [0m] Started Login to default iSCSI targets.
[[0;32m  OK  [0m] Reached target Remote File Systems (Pre).
[[0;32m  OK  [0m] Reached target Remote File Systems.
         Starting LSB: automatic crash report generation...
         Starting Permit User Sessions...
         Starting LSB: Set the CPU Frequency Scaling governor to "ondemand"...
         Starting LSB: daemon to balance interrupts for SMP systems...
[[0;32m  OK  [0m] Started Permit User Sessions.
         Starting Terminate Plymouth Boot Screen...
         Starting Hold until boot process finishes up...
[[0;32m  OK  [0m] Started Hold until boot process finishes up.
[[0;32m  OK  [0m] Started Authenticate and Authorize Users to Run Privileged Tasks.
[[0;32m  OK  [0m] Started Accounts Service.
         Starting Set console scheme...
[[0;32m  OK  [0m] Started Serial Getty on ttyS0.
[[0;32m  OK  [0m] Started Getty on tty1.
[[0;32m  OK  [0m] Reached target Login Prompts.
[[0;32m  OK  [0m] Started LSB: automatic crash report generation.
[[0;32m  OK  [0m] Started Terminate Plymouth Boot Screen.
[[0;32m  OK  [0m] Started Set console scheme.
[[0;32m  OK  [0m] Started LSB: daemon to balance interrupts for SMP systems.
[[0;32m  OK  [0m] Started LSB: Set the CPU Frequency Scaling governor to "ondemand".
[[0;32m  OK  [0m] Started LXD - container startup/shutdown.
[[0;32m  OK  [0m] Started Virtualbox guest utils.
[[0;32m  OK  [0m] Started Snap Daemon.
         Starting Wait until snapd is fully seeded...
[[0;32m  OK  [0m] Started Pollinate to seed the pseudo random number generator.
         Starting OpenBSD Secure Shell server...
[[0;32m  OK  [0m] Started OpenBSD Secure Shell server.
[[0;32m  OK  [0m] Started Wait until snapd is fully seeded.
[[0;32m  OK  [0m] Reached target Multi-User System.
[[0;32m  OK  [0m] Reached target Graphical Interface.
         Starting Update UTMP about System Runlevel Changes...
         Starting Apply the settings specified in cloud-config...
[[0;32m  OK  [0m] Started Update UTMP about System Runlevel Changes.
[   12.054731] cloud-init[1305]: Generating locales (this might take a while)...
[[0;32m  OK  [0m] Created slice User Slice of vagrant.
         Starting User Manager for UID 1000...
[[0;32m  OK  [0m] Started Session 1 of user vagrant.
[[0;32m  OK  [0m] Started User Manager for UID 1000.
[   13.042534] cloud-init[1305]:   en_US.UTF-8... done
[   13.043511] cloud-init[1305]: Generation complete.
[   13.421736] cloud-init[1305]: Cloud-init v. 21.1-19-gbad84ad4-0ubuntu1~16.04.2 running 'modules:config' at Fri, 17 May 2024 06:34:55 +0000. Up 11.91 seconds.
[[0;32m  OK  [0m] Started Apply the settings specified in cloud-config.
         Starting Execute cloud user/final scripts...
ci-info: no authorized SSH keys fingerprints found for user ubuntu.
<14>May 17 06:34:57 ec2: 
<14>May 17 06:34:57 ec2: #############################################################
<14>May 17 06:34:57 ec2: -----BEGIN SSH HOST KEY FINGERPRINTS-----
<14>May 17 06:34:57 ec2: 1024 SHA256:eTd3KLqUDJSqe8hP6HFrWtGw05p2CXu/HNcPZejhZ7c root@ubuntu-xenial (DSA)
<14>May 17 06:34:57 ec2: 256 SHA256:br5chjTwjEDKvjFPCFKkntIUAWuHRvUWtrC5Sbuc3E4 root@ubuntu-xenial (ECDSA)
<14>May 17 06:34:57 ec2: 256 SHA256:3RnRyadWxhv4QymlAE33IUWliESJ4hNes8D27JG5rLM root@ubuntu-xenial (ED25519)
<14>May 17 06:34:57 ec2: 2048 SHA256:MPmcF1mbhMKk0g8GQ7gj84zHlhNMPduN23tn7P6U0Ig root@ubuntu-xenial (RSA)
<14>May 17 06:34:57 ec2: -----END SSH HOST KEY FINGERPRINTS-----
<14>May 17 06:34:57 ec2: #############################################################
-----BEGIN SSH HOST KEY KEYS-----
ecdsa-sha2-nistp256 AAAAE2VjZHNhLXNoYTItbmlzdHAyNTYAAAAIbmlzdHAyNTYAAABBBJ1OodT98rl+EGv/txKB1zsW3HNhkEfG3RUee/cWpq99a/cmeXAGV8Oyc4gA9zKcN7rCUxufotBw28VNB2SeGjA= root@ubuntu-xenial
ssh-ed25519 AAAAC3NzaC1lZDI1NTE5AAAAIPy1SwFq5SSYfQFXCdVep9U4fnLFGgl1QccwzCG5NpG7 root@ubuntu-xenial
ssh-rsa AAAAB3NzaC1yc2EAAAADAQABAAABAQC0MmpY4KRYkieOqGEKFQuhhbzXeYEXQ+gCBO744ZXE0CbXbUokDy3pu+6N2jMdo8LZAIAnpGuK/cTC5t/4ZH4gAeHWQCv8DY1q7Nnh+HtnTrWCCb1icl+5BOsieUmXyMfMrOWMinAiXfBwi1NfgArV1oEubIL3PnscqJ8sX6WUrnpC5cPEe4Sb4PDnRcJIptg6YMYMYBt6KHDjZ/R1GzEWf+NXiLOfvAweHJEIjbn5TmKjGN7t8Eq4MwtUWfNqaHdoXteA2MpOsxgzxyflIeuj/e6bfHMj8NEm661+pdbX4QCmWnaVA0LUdnELBn7lRxURRR74hZaxlNcgXVm1YTID root@ubuntu-xenial
-----END SSH HOST KEY KEYS-----
[   14.217332] cloud-init[1437]: Cloud-init v. 21.1-19-gbad84ad4-0ubuntu1~16.04.2 running 'modules:final' at Fri, 17 May 2024 06:34:57 +0000. Up 13.99 seconds.
[   14.219602] cloud-init[1437]: ci-info: no authorized SSH keys fingerprints found for user ubuntu.
[   14.221015] cloud-init[1437]: Cloud-init v. 21.1-19-gbad84ad4-0ubuntu1~16.04.2 finished at Fri, 17 May 2024 06:34:57 +0000. Datasource DataSourceNoCloud [seed=/dev/sdb][dsmode=net].  Up 14.20 seconds

Ubuntu 16.04.7 LTS ubuntu-xenial ttyS0

ubuntu-xenial login: 